2023-11-06 16:31:25,556 ERROR:Error loading cogs.replays: Extension 'cogs.replays' raised an error: ConfigurationError: All nameservers failed to answer the query _mongodb._tcp.cluster0.ifyjv.mongodb.net. IN SRV: Server 127.0.0.53 UDP port 53 answered SERVFAIL
2023-11-06 16:31:25,559 ERROR:Error loading cogs.events: Extension 'cogs.events' raised an error: ConfigurationError: All nameservers failed to answer the query _mongodb._tcp.cluster0.ifyjv.mongodb.net. IN SRV: Server 127.0.0.53 UDP port 53 answered SERVFAIL
2023-11-06 16:31:25,560 INFO:logging in using static token
2023-11-06 16:31:25,570 INFO:Cleaning up tasks.
2023-11-06 16:31:25,572 INFO:Closing the event loop.
2023-11-06 16:31:50,792 INFO:cogs.replays loaded.
2023-11-06 16:31:50,793 INFO:cogs.events loaded.
2023-11-06 16:31:50,794 INFO:logging in using static token
2023-11-06 16:31:51,573 INFO:Shard ID None has sent the IDENTIFY payload.
2023-11-06 16:31:51,724 INFO:Shard ID None has connected to Gateway: ["gateway-prd-us-east1-d-sj36",{"micros":79765,"calls":["id_created",{"micros":756,"calls":[]},"session_lookup_time",{"micros":326,"calls":[]},"session_lookup_finished",{"micros":16,"calls":[]},"discord-sessions-prd-2-42",{"micros":78326,"calls":["start_session",{"micros":64514,"calls":["discord-api-f8789c88b-4l65h",{"micros":59882,"calls":["get_user",{"micros":12915},"get_guilds",{"micros":3580},"send_scheduled_deletion_message",{"micros":10},"guild_join_requests",{"micros":919},"authorized_ip_coro",{"micros":11}]}]},"starting_guild_connect",{"micros":53,"calls":[]},"presence_started",{"micros":3498,"calls":[]},"guilds_started",{"micros":105,"calls":[]},"guilds_connect",{"micros":1,"calls":[]},"presence_connect",{"micros":10101,"calls":[]},"connect_finished",{"micros":10111,"calls":[]},"build_ready",{"micros":20,"calls":[]},"clean_ready",{"micros":1,"calls":[]},"optimize_ready",{"micros":21,"calls":[]},"split_ready",{"micros":1,"calls":[]}]}]}] (Session ID: cc0fb6bcbd935c7ed3c9af0a0ab3b967).
2023-11-06 19:08:36,430 INFO:Websocket closed with WSCloseCode.ABNORMAL_CLOSURE, attempting a reconnect.
2023-11-06 19:08:36,431 INFO:Got a request to RESUME the websocket.
2023-11-06 19:08:36,922 INFO:Shard ID None has sent the RESUME payload.
2023-11-06 19:08:37,018 INFO:Shard ID None session has been invalidated.
2023-11-06 19:08:37,156 INFO:Got a request to IDENTIFY the websocket.
2023-11-06 19:08:42,802 INFO:Shard ID None has sent the IDENTIFY payload.
2023-11-06 19:08:44,305 INFO:Shard ID None has connected to Gateway: ["gateway-prd-us-east1-b-qz5b",{"micros":1437154,"calls":["id_created",{"micros":1284,"calls":[]},"session_lookup_time",{"micros":313,"calls":[]},"session_lookup_finished",{"micros":13,"calls":[]},"discord-sessions-prd-2-223",{"micros":1434791,"calls":["start_session",{"micros":1359951,"calls":["discord-api-f8789c88b-qgqrd",{"micros":1355045,"calls":["get_user",{"micros":20600},"get_guilds",{"micros":30821},"send_scheduled_deletion_message",{"micros":11},"guild_join_requests",{"micros":2},"authorized_ip_coro",{"micros":11}]}]},"starting_guild_connect",{"micros":70,"calls":[]},"presence_started",{"micros":370,"calls":[]},"guilds_started",{"micros":89,"calls":[]},"guilds_connect",{"micros":2,"calls":[]},"presence_connect",{"micros":74252,"calls":[]},"connect_finished",{"micros":74258,"calls":[]},"build_ready",{"micros":29,"calls":[]},"clean_ready",{"micros":1,"calls":[]},"optimize_ready",{"micros":0,"calls":[]},"split_ready",{"micros":20,"calls":[]}]}]}] (Session ID: 869ee4da50e9ae0308927cc6ed0f0a52).
2023-11-06 19:08:51,983 INFO:cogs.replays loaded.
2023-11-06 19:08:51,984 INFO:cogs.events loaded.
2023-11-06 19:08:51,985 INFO:logging in using static token
2023-11-06 19:08:58,078 INFO:Shard ID None has sent the IDENTIFY payload.
2023-11-06 19:08:58,193 INFO:Shard ID None has connected to Gateway: ["gateway-prd-us-east1-d-nzwq",{"micros":42104,"calls":["id_created",{"micros":781,"calls":[]},"session_lookup_time",{"micros":369,"calls":[]},"session_lookup_finished",{"micros":37,"calls":[]},"discord-sessions-prd-2-111",{"micros":40393,"calls":["start_session",{"micros":36959,"calls":["discord-api-f8789c88b-2rwwt",{"micros":33248,"calls":["get_user",{"micros":6807},"get_guilds",{"micros":3256},"send_scheduled_deletion_message",{"micros":8},"guild_join_requests",{"micros":1},"authorized_ip_coro",{"micros":6}]}]},"starting_guild_connect",{"micros":62,"calls":[]},"presence_started",{"micros":380,"calls":[]},"guilds_started",{"micros":88,"calls":[]},"guilds_connect",{"micros":2,"calls":[]},"presence_connect",{"micros":2864,"calls":[]},"connect_finished",{"micros":2867,"calls":[]},"build_ready",{"micros":15,"calls":[]},"clean_ready",{"micros":0,"calls":[]},"optimize_ready",{"micros":20,"calls":[]},"split_ready",{"micros":0,"calls":[]}]}]}] (Session ID: 72464bb585e09345b3564fbe4cd4603b).
2023-11-06 19:14:47,165 INFO:cogs.replays loaded.
2023-11-06 19:14:47,168 INFO:cogs.events loaded.
2023-11-06 19:14:47,169 INFO:logging in using static token
2023-11-06 19:14:48,129 INFO:Shard ID None has sent the IDENTIFY payload.
2023-11-06 19:14:48,282 INFO:Shard ID None has connected to Gateway: ["gateway-prd-us-east1-c-9xh4",{"micros":76606,"calls":["id_created",{"micros":1211,"calls":[]},"session_lookup_time",{"micros":3140,"calls":[]},"session_lookup_finished",{"micros":15,"calls":[]},"discord-sessions-prd-2-233",{"micros":71901,"calls":["start_session",{"micros":42320,"calls":["discord-api-f8789c88b-8cd5j",{"micros":37666,"calls":["get_user",{"micros":11152},"get_guilds",{"micros":2433},"send_scheduled_deletion_message",{"micros":7},"guild_join_requests",{"micros":1353},"authorized_ip_coro",{"micros":10}]}]},"starting_guild_connect",{"micros":55,"calls":[]},"presence_started",{"micros":396,"calls":[]},"guilds_started",{"micros":111,"calls":[]},"guilds_connect",{"micros":2,"calls":[]},"presence_connect",{"micros":28965,"calls":[]},"connect_finished",{"micros":28970,"calls":[]},"build_ready",{"micros":20,"calls":[]},"clean_ready",{"micros":1,"calls":[]},"optimize_ready",{"micros":26,"calls":[]},"split_ready",{"micros":1,"calls":[]}]}]}] (Session ID: 1a6547e21979a33e5b52df2292dd60d5).
2023-11-06 19:16:22,453 INFO:cogs.replays loaded.
2023-11-06 19:16:22,454 INFO:cogs.events loaded.
2023-11-06 19:16:22,455 INFO:logging in using static token
2023-11-06 19:16:23,261 INFO:Shard ID None has sent the IDENTIFY payload.
2023-11-06 19:16:23,383 INFO:Shard ID None has connected to Gateway: ["gateway-prd-us-east1-d-51qs",{"micros":53491,"calls":["id_created",{"micros":859,"calls":[]},"session_lookup_time",{"micros":376,"calls":[]},"session_lookup_finished",{"micros":18,"calls":[]},"discord-sessions-prd-2-180",{"micros":50861,"calls":["start_session",{"micros":34575,"calls":["discord-api-f8789c88b-zdmqj",{"micros":31052,"calls":["get_user",{"micros":7606},"get_guilds",{"micros":2477},"send_scheduled_deletion_message",{"micros":8},"guild_join_requests",{"micros":625},"authorized_ip_coro",{"micros":7}]}]},"starting_guild_connect",{"micros":54,"calls":[]},"presence_started",{"micros":388,"calls":[]},"guilds_started",{"micros":85,"calls":[]},"guilds_connect",{"micros":1,"calls":[]},"presence_connect",{"micros":15702,"calls":[]},"connect_finished",{"micros":15708,"calls":[]},"build_ready",{"micros":22,"calls":[]},"clean_ready",{"micros":0,"calls":[]},"optimize_ready",{"micros":1,"calls":[]},"split_ready",{"micros":27,"calls":[]}]}]}] (Session ID: afd22e48028a70550976ef39527cd943).
2023-11-06 19:23:23,168 INFO:Websocket closed with WSCloseCode.ABNORMAL_CLOSURE, attempting a reconnect.
2023-11-06 19:23:23,168 INFO:Got a request to RESUME the websocket.
2023-11-06 19:23:24,206 INFO:Shard ID None has sent the RESUME payload.
2023-11-06 19:23:24,280 INFO:Shard ID None session has been invalidated.
2023-11-06 19:23:24,338 INFO:Got a request to IDENTIFY the websocket.
2023-11-06 19:23:29,898 INFO:Shard ID None has sent the IDENTIFY payload.
2023-11-06 19:23:30,059 INFO:Shard ID None has connected to Gateway: ["gateway-prd-us-east1-d-h20c",{"micros":107291,"calls":["id_created",{"micros":2474,"calls":[]},"session_lookup_time",{"micros":356,"calls":[]},"session_lookup_finished",{"micros":16,"calls":[]},"discord-sessions-prd-2-156",{"micros":103670,"calls":["start_session",{"micros":54029,"calls":["discord-api-f8789c88b-fxdzn",{"micros":48273,"calls":["get_user",{"micros":8065},"get_guilds",{"micros":4808},"send_scheduled_deletion_message",{"micros":15},"guild_join_requests",{"micros":2},"authorized_ip_coro",{"micros":15}]}]},"starting_guild_connect",{"micros":98,"calls":[]},"presence_started",{"micros":408,"calls":[]},"guilds_started",{"micros":102,"calls":[]},"guilds_connect",{"micros":1,"calls":[]},"presence_connect",{"micros":48977,"calls":[]},"connect_finished",{"micros":48985,"calls":[]},"build_ready",{"micros":21,"calls":[]},"clean_ready",{"micros":1,"calls":[]},"optimize_ready",{"micros":1,"calls":[]},"split_ready",{"micros":24,"calls":[]}]}]}] (Session ID: 28e61f698cd58e43fe65a1821ac3b9a7).
2023-11-06 19:39:37,420 INFO:Websocket closed with WSCloseCode.ABNORMAL_CLOSURE, attempting a reconnect.
2023-11-06 19:39:37,420 INFO:Got a request to RESUME the websocket.
2023-11-06 19:39:38,170 INFO:Shard ID None has sent the RESUME payload.
2023-11-06 19:39:38,263 INFO:Shard ID None session has been invalidated.
2023-11-06 19:39:38,334 INFO:Got a request to IDENTIFY the websocket.
2023-11-06 19:39:43,607 INFO:Shard ID None has sent the IDENTIFY payload.
2023-11-06 19:39:43,759 INFO:Shard ID None has connected to Gateway: ["gateway-prd-us-east1-b-xrdk",{"micros":93311,"calls":["id_created",{"micros":1302,"calls":[]},"session_lookup_time",{"micros":823,"calls":[]},"session_lookup_finished",{"micros":13,"calls":[]},"discord-sessions-prd-2-256",{"micros":89983,"calls":["start_session",{"micros":51283,"calls":["discord-api-f8789c88b-v6995",{"micros":47719,"calls":["get_user",{"micros":5888},"get_guilds",{"micros":4898},"send_scheduled_deletion_message",{"micros":7},"guild_join_requests",{"micros":1},"authorized_ip_coro",{"micros":7}]}]},"starting_guild_connect",{"micros":78,"calls":[]},"presence_started",{"micros":272,"calls":[]},"guilds_started",{"micros":93,"calls":[]},"guilds_connect",{"micros":2,"calls":[]},"presence_connect",{"micros":38208,"calls":[]},"connect_finished",{"micros":38215,"calls":[]},"build_ready",{"micros":18,"calls":[]},"clean_ready",{"micros":0,"calls":[]},"optimize_ready",{"micros":1,"calls":[]},"split_ready",{"micros":21,"calls":[]}]}]}] (Session ID: 4c71024ee11341abd81cbe92a3e68e29).
2023-11-07 21:12:57,254 INFO:Websocket closed with WSCloseCode.ABNORMAL_CLOSURE, attempting a reconnect.
2023-11-07 21:12:57,257 INFO:Got a request to RESUME the websocket.
2023-11-07 21:12:57,894 INFO:Shard ID None has sent the RESUME payload.
2023-11-07 21:12:57,960 INFO:Shard ID None session has been invalidated.
2023-11-07 21:12:58,021 INFO:Got a request to IDENTIFY the websocket.
2023-11-07 21:13:03,267 INFO:Shard ID None has sent the IDENTIFY payload.
2023-11-07 21:13:03,405 INFO:Shard ID None has connected to Gateway: ["gateway-prd-us-east1-c-0s6x",{"micros":77636,"calls":["id_created",{"micros":915,"calls":[]},"session_lookup_time",{"micros":752,"calls":[]},"session_lookup_finished",{"micros":17,"calls":[]},"discord-sessions-prd-2-230",{"micros":74543,"calls":["start_session",{"micros":32644,"calls":["discord-api-765f9c768f-kz9lj",{"micros":29610,"calls":["get_user",{"micros":6159},"get_guilds",{"micros":2925},"send_scheduled_deletion_message",{"micros":7},"guild_join_requests",{"micros":422},"authorized_ip_coro",{"micros":8}]}]},"starting_guild_connect",{"micros":56,"calls":[]},"presence_started",{"micros":395,"calls":[]},"guilds_started",{"micros":91,"calls":[]},"guilds_connect",{"micros":1,"calls":[]},"presence_connect",{"micros":41277,"calls":[]},"connect_finished",{"micros":41283,"calls":[]},"build_ready",{"micros":44,"calls":[]},"clean_ready",{"micros":1,"calls":[]},"optimize_ready",{"micros":27,"calls":[]},"split_ready",{"micros":1,"calls":[]}]}]}] (Session ID: 90bcf52d594e87e1217f2978f06106e1).
2023-11-08 12:12:18,935 INFO:cogs.events loaded.
2023-11-08 12:12:18,948 INFO:cogs.replays loaded.
2023-11-08 12:12:18,948 INFO:logging in using static token
2023-11-08 12:12:19,481 INFO:Shard ID None has sent the IDENTIFY payload.
2023-11-08 12:12:19,645 INFO:Shard ID None has connected to Gateway: ["gateway-prd-us-east1-d-lznc",{"micros":107194,"calls":["id_created",{"micros":2411,"calls":[]},"session_lookup_time",{"micros":1177,"calls":[]},"session_lookup_finished",{"micros":21,"calls":[]},"discord-sessions-prd-2-117",{"micros":101956,"calls":["start_session",{"micros":38602,"calls":["discord-api-5d9fc8768f-v8qtq",{"micros":34401,"calls":["get_user",{"micros":6126},"get_guilds",{"micros":3521},"send_scheduled_deletion_message",{"micros":16},"guild_join_requests",{"micros":1},"authorized_ip_coro",{"micros":8}]}]},"starting_guild_connect",{"micros":63,"calls":[]},"presence_started",{"micros":408,"calls":[]},"guilds_started",{"micros":85,"calls":[]},"guilds_connect",{"micros":2,"calls":[]},"presence_connect",{"micros":62739,"calls":[]},"connect_finished",{"micros":62744,"calls":[]},"build_ready",{"micros":20,"calls":[]},"clean_ready",{"micros":2,"calls":[]},"optimize_ready",{"micros":0,"calls":[]},"split_ready",{"micros":30,"calls":[]}]}]}] (Session ID: ff14c4b1f1c01c6324e42a5fd3914159).
2023-11-08 12:13:12,898 INFO:cogs.events loaded.
2023-11-08 12:13:12,900 INFO:cogs.replays loaded.
2023-11-08 12:13:12,900 INFO:logging in using static token
2023-11-08 12:13:13,372 INFO:Shard ID None has sent the IDENTIFY payload.
2023-11-08 12:13:13,531 INFO:Shard ID None has connected to Gateway: ["gateway-prd-us-east1-c-45f3",{"micros":106868,"calls":["id_created",{"micros":1208,"calls":[]},"session_lookup_time",{"micros":3195,"calls":[]},"session_lookup_finished",{"micros":18,"calls":[]},"discord-sessions-prd-2-299",{"micros":101545,"calls":["start_session",{"micros":90751,"calls":["discord-api-5d9fc8768f-9b4c6",{"micros":83331,"calls":["get_user",{"micros":7947},"get_guilds",{"micros":6508},"send_scheduled_deletion_message",{"micros":7},"guild_join_requests",{"micros":14101},"authorized_ip_coro",{"micros":9}]}]},"starting_guild_connect",{"micros":63,"calls":[]},"presence_started",{"micros":298,"calls":[]},"guilds_started",{"micros":93,"calls":[]},"guilds_connect",{"micros":1,"calls":[]},"presence_connect",{"micros":10278,"calls":[]},"connect_finished",{"micros":10284,"calls":[]},"build_ready",{"micros":23,"calls":[]},"clean_ready",{"micros":1,"calls":[]},"optimize_ready",{"micros":1,"calls":[]},"split_ready",{"micros":29,"calls":[]}]}]}] (Session ID: 70cec1da1d4bcce789da03a78dee25c6).
